point_of_sale/app/build/outputs/logs/manifest-merger-debug-report.txt
-- Merging decision tree log ---
manifest
ADDED from src\main\AndroidManifest.xml:2:1-119:12
	package
		ADDED from src\main\AndroidManifest.xml:4:5-41
		INJECTED from src\main\AndroidManifest.xml
		INJECTED from src\main\AndroidManifest.xml
	android:versionName
		INJECTED from src\main\AndroidManifest.xml
		INJECTED from src\main\AndroidManifest.xml
	xmlns:android
		ADDED from src\main\AndroidManifest.xml:2:11-69
	android:versionCode
		INJECTED from src\main\AndroidManifest.xml
		INJECTED from src\main\AndroidManifest.xml
uses-permission#android.permission.INTERNET
ADDED from src\main\AndroidManifest.xml:5:5-67
	android:name
		ADDED from src\main\AndroidManifest.xml:5:22-64
application
ADDED from src\main\AndroidManifest.xml:6:5-117:19
MERGED from [com.android.support:appcompat-v7:25.0.0] AndroidManifest.xml:25:5-20
MERGED from [com.android.support:support-v4:25.0.0] AndroidManifest.xml:25:5-20
MERGED from [com.android.support:support-fragment:25.0.0] AndroidManifest.xml:25:5-20
MERGED from [com.android.support:support-media-compat:25.0.0] AndroidManifest.xml:25:5-20
MERGED from [com.android.support:support-core-ui:25.0.0] AndroidManifest.xml:25:5-20
MERGED from [com.android.support:support-core-utils:25.0.0] AndroidManifest.xml:25:5-20
MERGED from [com.android.support:animated-vector-drawable:25.0.0] AndroidManifest.xml:22:5-20
MERGED from [com.android.support:support-vector-drawable:25.0.0] AndroidManifest.xml:23:5-20
MERGED from [com.android.support:support-compat:25.0.0] AndroidManifest.xml:25:5-20
MERGED from [com.journeyapps:zxing-android-embedded:3.0.2] AndroidManifest.xml:47:5-55:19
	android:label
		ADDED from src\main\AndroidManifest.xml:9:9-41
	android:supportsRtl
		ADDED from src\main\AndroidManifest.xml:10:9-35
	android:allowBackup
		ADDED from src\main\AndroidManifest.xml:7:9-35
	android:icon
		ADDED from src\main\AndroidManifest.xml:8:9-43
	android:theme
		ADDED from src\main\AndroidManifest.xml:11:9-40
activity#com.ecng6613.point_of_sale.MainActivity
ADDED from src\main\AndroidManifest.xml:12:9-18:20
	android:name
		ADDED from src\main\AndroidManifest.xml:12:19-47
intent-filter#android.intent.action.MAIN+android.intent.category.LAUNCHER
ADDED from src\main\AndroidManifest.xml:13:13-17:29
action#android.intent.action.MAIN
ADDED from src\main\AndroidManifest.xml:14:17-69
	android:name
		ADDED from src\main\AndroidManifest.xml:14:25-66
category#android.intent.category.LAUNCHER
ADDED from src\main\AndroidManifest.xml:16:17-77
	android:name
		ADDED from src\main\AndroidManifest.xml:16:27-74
activity#com.ecng6613.point_of_sale.Set_IP
ADDED from src\main\AndroidManifest.xml:19:9-25:20
	android:name
		ADDED from src\main\AndroidManifest.xml:19:19-41
intent-filter#android.intent.action.SETIP+android.intent.category.DEFAULT
ADDED from src\main\AndroidManifest.xml:20:13-24:29
action#android.intent.action.SETIP
ADDED from src\main\AndroidManifest.xml:21:17-70
	android:name
		ADDED from src\main\AndroidManifest.xml:21:25-67
category#android.intent.category.DEFAULT
ADDED from src\main\AndroidManifest.xml:23:17-76
	android:name
		ADDED from src\main\AndroidManifest.xml:23:27-73
activity#com.ecng6613.point_of_sale.LoginScreen
ADDED from src\main\AndroidManifest.xml:26:5-32:16
	android:name
		ADDED from src\main\AndroidManifest.xml:26:15-42
intent-filter#android.intent.action.LOGINSCREEN+android.intent.category.DEFAULT
ADDED from src\main\AndroidManifest.xml:27:9-31:25
action#android.intent.action.LOGINSCREEN
ADDED from src\main\AndroidManifest.xml:28:13-72
	android:name
		ADDED from src\main\AndroidManifest.xml:28:21-69
activity#com.ecng6613.point_of_sale.Current_Profile
ADDED from src\main\AndroidManifest.xml:33:9-39:20
	android:name
		ADDED from src\main\AndroidManifest.xml:33:19-50
intent-filter#android.intent.action.CURRENTPROFILE+android.intent.category.DEFAULT
ADDED from src\main\AndroidManifest.xml:34:13-38:29
action#android.intent.action.CURRENTPROFILE
ADDED from src\main\AndroidManifest.xml:35:17-79
	android:name
		ADDED from src\main\AndroidManifest.xml:35:25-76
activity#com.ecng6613.point_of_sale.checkout_activity
ADDED from src\main\AndroidManifest.xml:40:9-46:20
	android:name
		ADDED from src\main\AndroidManifest.xml:40:19-52
intent-filter#android.intent.action.CHECKOUT+android.intent.category.DEFAULT
ADDED from src\main\AndroidManifest.xml:41:13-45:29
action#android.intent.action.CHECKOUT
ADDED from src\main\AndroidManifest.xml:42:17-73
	android:name
		ADDED from src\main\AndroidManifest.xml:42:25-70
activity#com.ecng6613.point_of_sale.ProductLocator
ADDED from src\main\AndroidManifest.xml:47:9-53:20
	android:name
		ADDED from src\main\AndroidManifest.xml:47:19-49
intent-filter#android.intent.action.PRODUCTLOC+android.intent.category.DEFAULT
ADDED from src\main\AndroidManifest.xml:48:13-52:29
action#android.intent.action.PRODUCTLOC
ADDED from src\main\AndroidManifest.xml:49:17-75
	android:name
		ADDED from src\main\AndroidManifest.xml:49:25-72
activity#com.ecng6613.point_of_sale.Add_Customer
ADDED from src\main\AndroidManifest.xml:54:9-60:20
	android:name
		ADDED from src\main\AndroidManifest.xml:54:19-47
activity#com.ecng6613.point_of_sale.View_Customers
ADDED from src\main\AndroidManifest.xml:61:9-67:20
	android:name
		ADDED from src\main\AndroidManifest.xml:61:19-49
intent-filter#android.intent.action.VIEWCUSTOMER+android.intent.category.DEFAULT
ADDED from src\main\AndroidManifest.xml:62:13-66:29
action#android.intent.action.VIEWCUSTOMER
ADDED from src\main\AndroidManifest.xml:63:17-77
	android:name
		ADDED from src\main\AndroidManifest.xml:63:25-74
activity#com.ecng6613.point_of_sale.Customer_Info
ADDED from src\main\AndroidManifest.xml:68:9-74:20
	android:name
		ADDED from src\main\AndroidManifest.xml:68:19-48
activity#com.ecng6613.point_of_sale.add_rewards
ADDED from src\main\AndroidManifest.xml:75:9-81:20
	android:name
		ADDED from src\main\AndroidManifest.xml:75:19-46
activity#com.ecng6613.point_of_sale.add_supplier
ADDED from src\main\AndroidManifest.xml:82:9-88:20
	android:name
		ADDED from src\main\AndroidManifest.xml:82:19-47
activity#com.ecng6613.point_of_sale.view_suppliers
ADDED from src\main\AndroidManifest.xml:89:9-95:20
	android:name
		ADDED from src\main\AndroidManifest.xml:89:19-49
activity#com.ecng6613.point_of_sale.Add_Employee
ADDED from src\main\AndroidManifest.xml:96:9-102:20
	android:name
		ADDED from src\main\AndroidManifest.xml:96:19-47
activity#com.ecng6613.point_of_sale.View_Employees
ADDED from src\main\AndroidManifest.xml:103:9-109:20
	android:name
		ADDED from src\main\AndroidManifest.xml:103:19-49
activity#com.ecng6613.point_of_sale.Add_Product
ADDED from src\main\AndroidManifest.xml:110:9-116:20
	android:name
		ADDED from src\main\AndroidManifest.xml:110:19-46
uses-sdk
INJECTED from src\main\AndroidManifest.xml reason: use-sdk injection requested
MERGED from [com.android.support:appcompat-v7:25.0.0] AndroidManifest.xml:21:5-23:78
MERGED from [com.android.support:support-v4:25.0.0] AndroidManifest.xml:21:5-23:54
MERGED from [com.android.support:support-fragment:25.0.0] AndroidManifest.xml:21:5-23:60
MERGED from [com.android.support:support-media-compat:25.0.0] AndroidManifest.xml:21:5-23:63
MERGED from [com.android.support:support-core-ui:25.0.0] AndroidManifest.xml:21:5-23:58
MERGED from [com.android.support:support-core-utils:25.0.0] AndroidManifest.xml:21:5-23:61
MERGED from [com.android.support:animated-vector-drawable:25.0.0] AndroidManifest.xml:20:5-44
MERGED from [com.android.support:support-vector-drawable:25.0.0] AndroidManifest.xml:21:5-43
MERGED from [com.android.support:support-compat:25.0.0] AndroidManifest.xml:21:5-23:58
MERGED from [com.journeyapps:zxing-android-embedded:3.0.2] AndroidManifest.xml:19:5-21:41
	tools:overrideLibrary
		ADDED from [com.android.support:appcompat-v7:25.0.0] AndroidManifest.xml:23:9-75
	android:targetSdkVersion
		INJECTED from src\main\AndroidManifest.xml
		INJECTED from src\main\AndroidManifest.xml
	android:minSdkVersion
		INJECTED from src\main\AndroidManifest.xml
		INJECTED from src\main\AndroidManifest.xml
uses-permission#android.permission.CAMERA
ADDED from [com.journeyapps:zxing-android-embedded:3.0.2] AndroidManifest.xml:23:5-65
	android:name
		ADDED from [com.journeyapps:zxing-android-embedded:3.0.2] AndroidManifest.xml:23:22-62
uses-feature#android.hardware.camera
ADDED from [com.journeyapps:zxing-android-embedded:3.0.2] AndroidManifest.xml:26:5-28:36
	android:required
		ADDED from [com.journeyapps:zxing-android-embedded:3.0.2] AndroidManifest.xml:28:9-33
	android:name
		ADDED from [com.journeyapps:zxing-android-embedded:3.0.2] AndroidManifest.xml:27:9-47
uses-feature#android.hardware.camera.front
ADDED from [com.journeyapps:zxing-android-embedded:3.0.2] AndroidManifest.xml:29:5-31:36
	android:required
		ADDED from [com.journeyapps:zxing-android-embedded:3.0.2] AndroidManifest.xml:31:9-33
	android:name
		ADDED from [com.journeyapps:zxing-android-embedded:3.0.2] AndroidManifest.xml:30:9-53
uses-feature#android.hardware.camera.autofocus
ADDED from [com.journeyapps:zxing-android-embedded:3.0.2] AndroidManifest.xml:34:5-36:36
	android:required
		ADDED from [com.journeyapps:zxing-android-embedded:3.0.2] AndroidManifest.xml:36:9-33
	android:name
		ADDED from [com.journeyapps:zxing-android-embedded:3.0.2] AndroidManifest.xml:35:9-57
uses-feature#android.hardware.camera.flash
ADDED from [com.journeyapps:zxing-android-embedded:3.0.2] AndroidManifest.xml:37:5-39:36
	android:required
		ADDED from [com.journeyapps:zxing-android-embedded:3.0.2] AndroidManifest.xml:39:9-33
	android:name
		ADDED from [com.journeyapps:zxing-android-embedded:3.0.2] AndroidManifest.xml:38:9-53
uses-feature#android.hardware.screen.landscape
ADDED from [com.journeyapps:zxing-android-embedded:3.0.2] AndroidManifest.xml:40:5-42:36
	android:required
		ADDED from [com.journeyapps:zxing-android-embedded:3.0.2] AndroidManifest.xml:42:9-33
	android:name
		ADDED from [com.journeyapps:zxing-android-embedded:3.0.2] AndroidManifest.xml:41:9-57
uses-feature#android.hardware.wifi
ADDED from [com.journeyapps:zxing-android-embedded:3.0.2] AndroidManifest.xml:43:5-45:36
	android:required
		ADDED from [com.journeyapps:zxing-android-embedded:3.0.2] AndroidManifest.xml:45:9-33
	android:name
		ADDED from [com.journeyapps:zxing-android-embedded:3.0.2] AndroidManifest.xml:44:9-45
activity#com.journeyapps.barcodescanner.CaptureActivity
ADDED from [com.journeyapps:zxing-android-embedded:3.0.2] AndroidManifest.xml:48:9-54:63
	android:clearTaskOnLaunch
		ADDED from [com.journeyapps:zxing-android-embedded:3.0.2] AndroidManifest.xml:50:13-45
	android:screenOrientation
		ADDED from [com.journeyapps:zxing-android-embedded:3.0.2] AndroidManifest.xml:51:13-56
	android:stateNotNeeded
		ADDED from [com.journeyapps:zxing-android-embedded:3.0.2] AndroidManifest.xml:52:13-42
	android:windowSoftInputMode
		ADDED from [com.journeyapps:zxing-android-embedded:3.0.2] AndroidManifest.xml:54:13-60
	android:theme
		ADDED from [com.journeyapps:zxing-android-embedded:3.0.2] AndroidManifest.xml:53:13-54
	android:name
		ADDED from [com.journeyapps:zxing-android-embedded:3.0.2] AndroidManifest.xml:49:13-74